Drill Listing
=============
Drill: .00984  Tool: 1  Feed: 0  Speed: 0
X 102125  Y 102155
X 110000  Y 105199
X 105400  Y 105199
X 110000  Y 107500
X 105196  Y 111199
X 121600  Y 113300
X 118300  Y 116600
X 113650  Y 117050
X 115700  Y 117599
X 113650  Y 121200
X 118260  Y 127259
X 124690  Y 128840
X 120927  Y 129427
X 118301  Y 131302
X 113300  Y 134700
X 115700  Y 135700
X 113900  Y 136750
X 117120  Y 137219
X 110800  Y 139550
X 119650  Y 140750
X 119700  Y 144000
X 124178  Y 146875
X 112800  Y 147800
X 119700  Y 147850
X 114300  Y 152152
X 124178  Y 152775
X 118728  Y 153600
X 113978  Y 154525
X 110800  Y 154650
X 111620  Y 156610
X 113878  Y 156625
X 113878  Y 159825
X 111678  Y 159825
X 124900  Y 160450
X 122750  Y 160450
X 105150  Y 160750
X 120680  Y 160800
X 105750  Y 162750
X 107750  Y 163389
X 106680  Y 165206
X 115150  Y 165950
X 111050  Y 165950
X 118420  Y 170169
X 110200  Y 170206
X 108200  Y 170206
X 104850  Y 171950
X 119200  Y 173000
X 122550  Y 173000
X 109250  Y 173000
X 116000  Y 173000
X 112500  Y 173050
X 106600  Y 173300
X 102000  Y 173750
X 107000  Y 175250
X 110950  Y 175250
X 103450  Y 175250
X 114500  Y 175350
X 117500  Y 175400
X 120600  Y 175450
X 124000  Y 175450
X 149300  Y 175600
X 127250  Y 175500
X 136550  Y 175500
X 133500  Y 175500
X 130500  Y 175500
X 139500  Y 175500
X 145250  Y 175500
X 142450  Y 175350
X 147300  Y 174000
X 135000  Y 173050
X 132050  Y 173000
X 129000  Y 173000
X 125800  Y 173000
X 138000  Y 173000
X 141000  Y 173000
X 149300  Y 173000
X 145100  Y 172900
X 142100  Y 171400
X 136070  Y 170290
X 126450  Y 170169
X 140400  Y 169700
X 138600  Y 167900
X 146700  Y 167400
X 149300  Y 167250
X 132750  Y 166600
X 130250  Y 165874
X 148200  Y 165100
X 145766  Y 165099
X 142878  Y 163325
X 127000  Y 160650
X 132450  Y 160225
X 130400  Y 159650
X 147000  Y 159300
X 135878  Y 159175
X 140450  Y 156625
X 133028  Y 155725
X 127128  Y 155725
X 140375  Y 154405
X 146308  Y 153125
X 130078  Y 152775
X 135978  Y 152775
X 141000  Y 152405
X 133028  Y 149825
X 127128  Y 149825
X 140380  Y 148105
X 147510  Y 147130
X 135978  Y 146875
X 130078  Y 146875
X 139641  Y 145866
X 147000  Y 145000
X 127128  Y 143925
X 133028  Y 143925
X 136000  Y 140800
X 131500  Y 140800
X 126865  Y 140791
X 139300  Y 138952
X 149050  Y 138900
X 134500  Y 129699
X 137100  Y 129599
X 139200  Y 129599
X 141900  Y 129299
X 144300  Y 129299
X 127965  Y 129127
X 131800  Y 127999
X 135700  Y 127999
X 129700  Y 127899
X 147000  Y 127499
X 148500  Y 124350
X 141941  Y 119426
X 138000  Y 119374
X 148450  Y 119000
X 144800  Y 116399
X 141470  Y 116250
X 138250  Y 116150
X 136100  Y 116099
X 133628  Y 115676
X 130250  Y 115374
X 149700  Y 114900
X 133500  Y 112124
X 139437  Y 108000
X 147250  Y 107250
X 167875  Y 101905
X 161000  Y 105199
X 154700  Y 105199
X 150600  Y 105200
X 165700  Y 105399
X 152600  Y 107200
X 161177  Y 109505
X 150300  Y 110100
X 165700  Y 111499
X 160000  Y 112749
X 154200  Y 113500
X 165700  Y 116099
X 151500  Y 118499
X 155125  Y 118999
X 158843  Y 119289
X 165700  Y 120699
X 157518  Y 121014
X 160150  Y 121150
X 157230  Y 124231
X 153200  Y 124400
X 165700  Y 125799
X 160800  Y 127700
X 150450  Y 128250
X 153150  Y 128300
X 160000  Y 131124
X 162250  Y 131124
X 156875  Y 131200
X 163950  Y 136300
X 154750  Y 137250
X 158406  Y 137315
X 150940  Y 137386
X 165700  Y 138099
X 151650  Y 140700
X 153700  Y 141450
X 162200  Y 141500
X 155502  Y 142292
X 163700  Y 142900
X 151850  Y 142900
X 153852  Y 143892
X 156402  Y 143992
X 151400  Y 144950
X 151400  Y 147100
X 151186  Y 149201
X 162202  Y 150892
X 159702  Y 150892
X 150150  Y 151000
X 165600  Y 152900
X 165100  Y 155950
X 162102  Y 157092
X 165700  Y 158000
X 152400  Y 158100
X 160402  Y 158692
X 154150  Y 159650
X 164500  Y 160099
X 162500  Y 160800
X 156500  Y 160800
X 152250  Y 160800
X 159450  Y 160800
X 151250  Y 165300
X 156750  Y 165350
X 161375  Y 165530
X 165206  Y 165681
X 156200  Y 167450
X 164650  Y 167749
X 159750  Y 168249
X 154900  Y 169250
X 162250  Y 169749
X 157800  Y 170000
X 165000  Y 170905
X 154400  Y 171100
X 157331  Y 172785
X 161451  Y 172830
X 166300  Y 173105
X 154700  Y 173500
X 168696  Y 174305
X 159625  Y 175124
X 163000  Y 175150
X 166500  Y 175550
X 154700  Y 175800

Drill: .02165  Tool: 2  Feed: 197  Speed: 550
X 107933  Y 100000
X 112933  Y 100000
X 117933  Y 100000
X 122933  Y 100000
X 100000  Y 105906
X 100000  Y 110906
X 100000  Y 115906
X 100000  Y 120906
X 100000  Y 125906
X 100000  Y 130906
X 100000  Y 135906
X 100000  Y 140906
X 100000  Y 145906
X 100000  Y 150906
X 100000  Y 155906
X 100000  Y 160906
X 100000  Y 165906
X 100000  Y 170906
X 127933  Y 100000
X 132933  Y 100000
X 137933  Y 100000
X 142933  Y 100000
X 147933  Y 100000
X 152933  Y 100000
X 157933  Y 100000
X 162933  Y 100000
X 170866  Y 105906
X 170866  Y 110906
X 170866  Y 115906
X 170866  Y 120906
X 170866  Y 125906
X 170866  Y 130906
X 170866  Y 135906
X 170866  Y 140906
X 170866  Y 145906
X 170866  Y 150906
X 170866  Y 155906
X 170866  Y 160906
X 170866  Y 165906
X 170866  Y 170906

End of Listing
